15-Apr-23 11:24:46 root - INFO - Logger started.
15-Apr-23 11:24:47 root - INFO - Reading csv file from data column.
15-Apr-23 11:24:47 django.request - WARNING - Not Found: /favicon.ico
15-Apr-23 11:25:11 root - INFO - Logger started.
15-Apr-23 11:25:11 root - INFO - Reading csv file from data column.
15-Apr-23 11:25:14 django.request - WARNING - Not Found: /how-it-works/script.js
15-Apr-23 11:26:22 django.request - WARNING - Not Found: /how-it-works/script.js
15-Apr-23 11:26:35 django.request - WARNING - Not Found: /how-it-works/script.js
15-Apr-23 11:26:36 django.request - WARNING - Not Found: /how-it-works/script.js
15-Apr-23 11:26:39 django.request - WARNING - Not Found: /how-it-works/script.js
15-Apr-23 11:27:05 django.request - WARNING - Not Found: /how-it-works/script.js
15-Apr-23 11:28:35 root - INFO - Logger started.
15-Apr-23 11:28:35 root - INFO - Reading csv file from data column.
15-Apr-23 11:31:11 root - INFO - Logger started.
15-Apr-23 11:31:11 root - INFO - Reading csv file from data column.
15-Apr-23 11:31:13 django.request - WARNING - Not Found: /how-it-works/script.js
15-Apr-23 11:33:26 root - INFO - Logger started.
15-Apr-23 11:33:26 root - INFO - Reading csv file from data column.
15-Apr-23 11:33:28 root - INFO - Logger started.
15-Apr-23 11:33:28 root - INFO - Reading csv file from data column.
15-Apr-23 11:33:29 django.request - WARNING - Not Found: /how-it-works/script.js
15-Apr-23 11:33:52 django.request - WARNING - Not Found: /how-it-works/script.js
15-Apr-23 11:33:55 django.request - WARNING - Not Found: /how-it-works/script.js
15-Apr-23 11:33:56 django.request - WARNING - Not Found: /how-it-works/script.js
15-Apr-23 11:33:56 django.request - WARNING - Not Found: /how-it-works/script.js
15-Apr-23 11:33:56 django.request - WARNING - Not Found: /how-it-works/script.js
15-Apr-23 11:34:34 django.request - WARNING - Not Found: /how-it-works/script.js
15-Apr-23 11:35:11 django.request - WARNING - Not Found: /how-it-works/script.js
15-Apr-23 11:35:12 django.request - WARNING - Not Found: /how-it-works/script.js
15-Apr-23 11:35:12 django.request - WARNING - Not Found: /how-it-works/script.js
15-Apr-23 11:35:12 django.request - WARNING - Not Found: /how-it-works/script.js
15-Apr-23 11:35:14 django.request - WARNING - Not Found: /how-it-works/script.js
15-Apr-23 11:35:18 django.request - WARNING - Not Found: /how-it-works/script.js
15-Apr-23 11:35:26 django.request - WARNING - Not Found: /how-it-works/script.js
15-Apr-23 11:35:38 root - INFO - Logger started.
15-Apr-23 11:35:38 root - INFO - Reading csv file from data column.
15-Apr-23 11:35:40 root - INFO - Logger started.
15-Apr-23 11:35:40 root - INFO - Reading csv file from data column.
15-Apr-23 11:35:40 root - INFO - Logger started.
15-Apr-23 11:35:40 root - INFO - Reading csv file from data column.
15-Apr-23 11:35:40 root - INFO - Logger started.
15-Apr-23 11:35:41 root - INFO - Reading csv file from data column.
15-Apr-23 11:36:02 root - INFO - Logger started.
15-Apr-23 11:36:02 root - INFO - Reading csv file from data column.
15-Apr-23 11:36:27 django.request - WARNING - Not Found: /loan/request/javascript/loan_request.js
15-Apr-23 11:36:31 django.request - WARNING - Not Found: /loan/request/javascript/loan_request.js
15-Apr-23 11:36:33 django.request - WARNING - Not Found: /loan/request/javascript/loan_request.js
15-Apr-23 11:36:36 django.request - WARNING - Not Found: /loan/request/javascript/loan_request.js
15-Apr-23 11:36:38 django.request - WARNING - Not Found: /loan/request/javascript/loan_request.js
15-Apr-23 11:36:40 django.request - WARNING - Not Found: /loan/request/javascript/loan_request.js
15-Apr-23 11:36:44 django.request - WARNING - Not Found: /loan/request/javascript/loan_request.js
15-Apr-23 11:37:01 django.request - WARNING - Not Found: /loan/request/javascript/loan_request.js
15-Apr-23 11:37:27 django.request - WARNING - Not Found: /loan/request/javascript/loan_request.js
15-Apr-23 11:39:03 django.request - WARNING - Not Found: /loan/list/javascript/loan_request.js
15-Apr-23 11:39:07 django.request - WARNING - Not Found: /loan/list/javascript/loan_request.js
15-Apr-23 11:39:11 django.request - WARNING - Not Found: /loan/list/javascript/loan_request.js
15-Apr-23 11:39:17 django.request - WARNING - Not Found: /loan/request/javascript/loan_request.js
15-Apr-23 11:39:18 django.request - WARNING - Not Found: /loan/list/javascript/loan_request.js
15-Apr-23 11:39:24 django.request - WARNING - Not Found: /loan/list/javascript/loan_request.js
15-Apr-23 11:40:18 django.request - WARNING - Not Found: /loan/list/javascript/loan_request.js
15-Apr-23 11:40:20 django.request - WARNING - Not Found: /loan/request/javascript/loan_request.js
15-Apr-23 11:40:25 django.request - WARNING - Not Found: /loan/request/javascript/loan_request.js
15-Apr-23 11:40:27 django.request - WARNING - Not Found: /loan/request/javascript/loan_request.js
15-Apr-23 11:40:29 django.request - WARNING - Not Found: /loan/list/javascript/loan_request.js
15-Apr-23 11:40:32 django.request - WARNING - Not Found: /loan/request/javascript/loan_request.js
15-Apr-23 11:40:36 django.request - WARNING - Not Found: /loan/list/javascript/loan_request.js
15-Apr-23 11:40:37 django.request - WARNING - Not Found: /loan/request/javascript/loan_request.js
15-Apr-23 11:40:47 django.request - WARNING - Not Found: /loan/request/javascript/loan_request.js
15-Apr-23 11:40:55 django.request - WARNING - Not Found: /loan/list/javascript/loan_request.js
15-Apr-23 11:40:57 django.request - WARNING - Not Found: /loan/request/javascript/loan_request.js
15-Apr-23 11:40:58 django.request - WARNING - Not Found: /loan/list/javascript/loan_request.js
15-Apr-23 11:41:01 django.request - WARNING - Not Found: /loan/request/javascript/loan_request.js
15-Apr-23 11:41:02 django.request - WARNING - Not Found: /loan/list/javascript/loan_request.js
15-Apr-23 11:41:05 django.request - WARNING - Not Found: /loan/list/javascript/loan_request.js
15-Apr-23 11:41:07 django.request - WARNING - Not Found: /loan/update/1012/javascript/loan_request.js
15-Apr-23 11:41:20 django.request - WARNING - Not Found: /loan/list/javascript/loan_request.js
15-Apr-23 11:41:21 django.request - WARNING - Not Found: /loan/request/javascript/loan_request.js
15-Apr-23 11:41:23 django.request - WARNING - Not Found: /loan/list/javascript/loan_request.js
15-Apr-23 11:41:25 django.request - WARNING - Not Found: /loan/list/javascript/loan_request.js
15-Apr-23 11:41:56 django.request - WARNING - Not Found: /loan/list/javascript/loan_request.js
15-Apr-23 11:42:05 django.request - WARNING - Not Found: /loan/list/javascript/loan_request.js
15-Apr-23 11:42:12 django.request - WARNING - Not Found: /loan/list/javascript/loan_request.js
15-Apr-23 11:42:39 django.request - WARNING - Not Found: /loan/request/javascript/loan_request.js
15-Apr-23 11:42:43 django.request - WARNING - Not Found: /loan/request/javascript/loan_request.js
15-Apr-23 11:42:45 django.request - WARNING - Not Found: /loan/list/javascript/loan_request.js
15-Apr-23 11:42:46 django.request - WARNING - Not Found: /loan/request/javascript/loan_request.js
15-Apr-23 11:45:08 django.request - WARNING - Not Found: /loan/request/javascript/loan_request.js
15-Apr-23 12:33:45 django.request - WARNING - Not Found: /loan/request/javascript/loan_request.js
15-Apr-23 12:33:50 django.request - WARNING - Not Found: /loan/list/javascript/loan_request.js
15-Apr-23 12:33:52 django.request - WARNING - Not Found: /loan/request/javascript/loan_request.js
15-Apr-23 12:34:39 django.request - WARNING - Not Found: /loan/request/javascript/loan_request.js
15-Apr-23 12:34:56 django.request - WARNING - Not Found: /loan/request/javascript/loan_request.js
15-Apr-23 12:35:11 django.request - WARNING - Not Found: /loan/request/javascript/loan_request.js
15-Apr-23 12:35:24 django.request - WARNING - Not Found: /loan/request/javascript/loan_request.js
15-Apr-23 12:35:25 django.request - WARNING - Not Found: /loan/list/javascript/loan_request.js
15-Apr-23 12:35:28 django.request - WARNING - Not Found: /loan/list/javascript/loan_request.js
15-Apr-23 12:35:30 django.request - WARNING - Not Found: /loan/request/javascript/loan_request.js
15-Apr-23 12:35:32 django.request - WARNING - Not Found: /loan/list/javascript/loan_request.js
15-Apr-23 12:35:33 django.request - WARNING - Not Found: /loan/request/javascript/loan_request.js
15-Apr-23 12:35:49 django.request - WARNING - Not Found: /loan/request/javascript/loan_request.js
15-Apr-23 12:36:10 django.request - WARNING - Not Found: /loan/request/javascript/loan_request.js
15-Apr-23 12:36:12 django.request - WARNING - Not Found: /loan/request/javascript/loan_request.js
15-Apr-23 12:36:14 django.request - WARNING - Not Found: /loan/list/javascript/loan_request.js
15-Apr-23 12:36:15 django.request - WARNING - Not Found: /loan/request/javascript/loan_request.js
15-Apr-23 12:36:18 django.request - WARNING - Not Found: /loan/request/javascript/loan_request.js
15-Apr-23 12:36:20 django.request - WARNING - Not Found: /loan/list/javascript/loan_request.js
15-Apr-23 12:36:21 django.request - WARNING - Not Found: /loan/request/javascript/loan_request.js
15-Apr-23 12:36:25 django.request - WARNING - Not Found: /loan/list/javascript/loan_request.js
15-Apr-23 12:36:27 django.request - WARNING - Not Found: /loan/request/javascript/loan_request.js
15-Apr-23 12:36:45 django.request - WARNING - Not Found: /loan/request/javascript/loan_request.js
15-Apr-23 12:36:47 django.request - WARNING - Not Found: /loan/list/javascript/loan_request.js
15-Apr-23 12:36:51 django.request - WARNING - Not Found: /loan/request/javascript/loan_request.js
15-Apr-23 12:37:13 django.request - WARNING - Not Found: /loan/request/javascript/loan_request.js
15-Apr-23 12:37:17 django.request - WARNING - Not Found: /loan/request/javascript/loan_request.js
15-Apr-23 12:37:21 django.request - WARNING - Not Found: /loan/request/javascript/loan_request.js
15-Apr-23 12:37:26 django.request - WARNING - Not Found: /loan/request/javascript/loan_request.js
15-Apr-23 12:39:43 django.request - WARNING - Not Found: /loan/request/javascript/loan_request.js
15-Apr-23 12:39:48 django.request - WARNING - Not Found: /loan/request/javascript/loan_request.js
15-Apr-23 12:40:08 django.request - WARNING - Not Found: /loan/request/javascript/loan_request.js
15-Apr-23 12:42:28 django.request - WARNING - Not Found: /loan/request/javascript/loan_request.js
15-Apr-23 12:42:32 django.request - WARNING - Not Found: /loan/request/javascript/loan_request.js
15-Apr-23 12:42:38 django.request - WARNING - Not Found: /loan/request/javascript/loan_request.js
15-Apr-23 12:42:42 django.request - WARNING - Not Found: /loan/request/javascript/loan_request.js
15-Apr-23 12:44:10 django.request - WARNING - Not Found: /loan/request/javascript/loan_request.js
15-Apr-23 12:44:12 django.request - WARNING - Not Found: /loan/request/javascript/loan_request.js
15-Apr-23 12:44:13 django.request - WARNING - Not Found: /loan/request/javascript/loan_request.js
15-Apr-23 12:44:13 django.request - WARNING - Not Found: /loan/request/javascript/loan_request.js
15-Apr-23 12:44:13 django.request - WARNING - Not Found: /loan/request/javascript/loan_request.js
15-Apr-23 12:44:23 django.request - WARNING - Not Found: /loan/request/javascript/loan_request.js
15-Apr-23 12:44:26 django.request - WARNING - Not Found: /loan/request/javascript/loan_request.js
15-Apr-23 12:44:30 django.request - WARNING - Not Found: /loan/request/javascript/loan_request.js
15-Apr-23 12:44:33 django.request - WARNING - Not Found: /loan/request/javascript/loan_request.js
15-Apr-23 12:44:35 django.request - WARNING - Not Found: /loan/list/javascript/loan_request.js
15-Apr-23 12:44:40 django.request - WARNING - Not Found: /loan/request/javascript/loan_request.js
15-Apr-23 12:44:43 django.request - WARNING - Not Found: /loan/list/javascript/loan_request.js
15-Apr-23 12:44:45 django.request - WARNING - Not Found: /loan/request/javascript/loan_request.js
15-Apr-23 12:44:47 django.request - WARNING - Not Found: /loan/list/javascript/loan_request.js
15-Apr-23 12:44:49 django.request - WARNING - Not Found: /loan/request/javascript/loan_request.js
15-Apr-23 12:44:51 django.request - WARNING - Not Found: /loan/list/javascript/loan_request.js
15-Apr-23 12:44:53 django.request - WARNING - Not Found: /loan/request/javascript/loan_request.js
15-Apr-23 12:46:22 django.request - WARNING - Not Found: /loan/request/javascript/loan_request.js
15-Apr-23 12:46:26 django.request - WARNING - Not Found: /loan/request/javascript/loan_request.js
15-Apr-23 12:46:28 django.request - WARNING - Not Found: /loan/list/javascript/loan_request.js
15-Apr-23 12:46:32 django.request - WARNING - Not Found: /loan/request/javascript/loan_request.js
15-Apr-23 12:46:34 django.request - WARNING - Not Found: /loan/list/javascript/loan_request.js
15-Apr-23 12:46:36 django.request - WARNING - Not Found: /loan/request/javascript/loan_request.js
15-Apr-23 12:47:01 django.request - WARNING - Not Found: /loan/request/javascript/loan_request.js
15-Apr-23 12:47:04 django.request - WARNING - Not Found: /loan/request/javascript/loan_request.js
15-Apr-23 12:47:16 django.request - WARNING - Not Found: /loan/request/javascript/loan_request.js
15-Apr-23 12:47:44 django.request - WARNING - Not Found: /loan/request/javascript/loan_request.js
15-Apr-23 12:47:59 django.request - WARNING - Not Found: /loan/list/javascript/loan_request.js
15-Apr-23 12:48:02 django.request - WARNING - Not Found: /loan/request/javascript/loan_request.js
15-Apr-23 12:48:07 django.request - WARNING - Not Found: /loan/request/javascript/loan_request.js
15-Apr-23 12:49:37 django.request - WARNING - Not Found: /loan/request/javascript/loan_request.js
15-Apr-23 12:49:42 django.request - WARNING - Not Found: /loan/request/javascript/loan_request.js
15-Apr-23 12:49:46 django.request - WARNING - Not Found: /loan/request/javascript/loan_request.js
15-Apr-23 12:50:44 django.request - WARNING - Not Found: /loan/request/javascript/loan_request.js
15-Apr-23 12:50:44 django.request - WARNING - Not Found: /loan/request/javascript/loan_request.js
15-Apr-23 12:50:44 django.request - WARNING - Not Found: /loan/request/javascript/loan_request.js
15-Apr-23 12:50:44 django.request - WARNING - Not Found: /loan/request/javascript/loan_request.js
15-Apr-23 12:50:52 django.request - WARNING - Not Found: /loan/request/javascript/loan_request.js
15-Apr-23 12:50:52 django.request - WARNING - Not Found: /loan/request/javascript/loan_request.js
15-Apr-23 12:50:52 django.request - WARNING - Not Found: /loan/request/javascript/loan_request.js
15-Apr-23 12:50:53 django.request - WARNING - Not Found: /loan/request/javascript/loan_request.js
15-Apr-23 12:51:57 django.request - WARNING - Not Found: /loan/request/javascript/loan_request.js
15-Apr-23 12:51:58 django.request - WARNING - Not Found: /loan/request/javascript/loan_request.js
15-Apr-23 12:52:05 django.request - WARNING - Not Found: /loan/request/javascript/loan_request.js
15-Apr-23 12:52:08 django.request - WARNING - Not Found: /loan/list/javascript/loan_request.js
15-Apr-23 12:52:11 django.request - WARNING - Not Found: /loan/request/javascript/loan_request.js
15-Apr-23 12:52:14 django.request - WARNING - Not Found: /loan/list/javascript/loan_request.js
15-Apr-23 12:52:16 django.request - WARNING - Not Found: /loan/request/javascript/loan_request.js
15-Apr-23 12:52:28 django.request - WARNING - Not Found: /loan/request/javascript/loan_request.js
15-Apr-23 12:52:35 django.request - WARNING - Not Found: /loan/request/javascript/loan_request.js
15-Apr-23 12:52:37 django.request - WARNING - Not Found: /loan/list/javascript/loan_request.js
15-Apr-23 12:52:39 django.request - WARNING - Not Found: /loan/request/javascript/loan_request.js
15-Apr-23 12:52:41 django.request - WARNING - Not Found: /loan/list/javascript/loan_request.js
15-Apr-23 12:52:44 django.request - WARNING - Not Found: /loan/request/javascript/loan_request.js
15-Apr-23 12:52:53 django.request - WARNING - Not Found: /loan/request/javascript/loan_request.js
15-Apr-23 12:53:00 django.request - WARNING - Not Found: /loan/request/javascript/loan_request.js
15-Apr-23 12:53:00 django.request - WARNING - Not Found: /loan/request/javascript/loan_request.js
15-Apr-23 12:53:24 django.request - WARNING - Not Found: /loan/request/javascript/loan_request.js
15-Apr-23 12:54:44 django.request - WARNING - Not Found: /loan/request/javascript/loan_request.js
15-Apr-23 12:55:53 django.request - WARNING - Not Found: /loan/request/javascript/loan_request.js
15-Apr-23 12:55:55 django.request - WARNING - Not Found: /loan/request/javascript/loan_request.js
15-Apr-23 12:55:55 django.request - WARNING - Not Found: /loan/request/javascript/loan_request.js
15-Apr-23 12:55:56 django.request - WARNING - Not Found: /loan/request/javascript/loan_request.js
15-Apr-23 12:55:56 django.request - WARNING - Not Found: /loan/request/javascript/loan_request.js
15-Apr-23 12:55:56 django.request - WARNING - Not Found: /loan/request/javascript/loan_request.js
15-Apr-23 12:55:56 django.request - WARNING - Not Found: /loan/request/javascript/loan_request.js
15-Apr-23 12:56:11 django.request - WARNING - Not Found: /loan/request/javascript/loan_request.js
15-Apr-23 12:56:45 django.request - WARNING - Not Found: /loan/request/javascript/loan_request.js
15-Apr-23 12:56:46 django.request - WARNING - Not Found: /loan/request/javascript/loan_request.js
15-Apr-23 12:56:46 django.request - WARNING - Not Found: /loan/request/javascript/loan_request.js
15-Apr-23 12:56:49 django.request - WARNING - Not Found: /loan/request/javascript/loan_request.js
15-Apr-23 12:56:50 django.request - WARNING - Not Found: /loan/list/javascript/loan_request.js
15-Apr-23 12:56:52 django.request - WARNING - Not Found: /loan/request/javascript/loan_request.js
15-Apr-23 12:58:40 django.request - WARNING - Not Found: /loan/request/javascript/loan_request.js
15-Apr-23 12:58:41 django.request - WARNING - Not Found: /loan/list/javascript/loan_request.js
15-Apr-23 12:58:43 django.request - WARNING - Not Found: /loan/request/javascript/loan_request.js
15-Apr-23 12:58:46 django.request - WARNING - Not Found: /loan/request/javascript/loan_request.js
15-Apr-23 12:58:48 django.request - WARNING - Not Found: /loan/list/javascript/loan_request.js
15-Apr-23 12:58:51 django.request - WARNING - Not Found: /loan/request/javascript/loan_request.js
15-Apr-23 12:58:54 django.request - WARNING - Not Found: /loan/list/javascript/loan_request.js
15-Apr-23 12:59:15 django.request - WARNING - Not Found: /loan/request/javascript/loan_request.js
15-Apr-23 12:59:39 django.request - WARNING - Not Found: /loan/list/javascript/loan_request.js
15-Apr-23 12:59:40 django.request - WARNING - Not Found: /loan/request/javascript/loan_request.js
15-Apr-23 13:00:59 django.request - WARNING - Not Found: /loan/request/javascript/loan_request.js
15-Apr-23 13:01:01 django.request - WARNING - Not Found: /loan/list/javascript/loan_request.js
15-Apr-23 13:01:03 django.request - WARNING - Not Found: /loan/request/javascript/loan_request.js
15-Apr-23 13:10:22 django.request - WARNING - Not Found: /loan/request/javascript/loan_request.js
15-Apr-23 13:10:26 django.request - WARNING - Not Found: /loan/request/javascript/loan_request.js
15-Apr-23 13:10:29 django.request - WARNING - Not Found: /loan/request/javascript/loan_request.js
15-Apr-23 13:10:30 django.request - WARNING - Not Found: /loan/list/javascript/loan_request.js
15-Apr-23 13:10:31 django.request - WARNING - Not Found: /loan/request/javascript/loan_request.js
15-Apr-23 13:10:33 django.request - WARNING - Not Found: /loan/request/javascript/loan_request.js
15-Apr-23 13:10:35 django.request - WARNING - Not Found: /loan/list/javascript/loan_request.js
15-Apr-23 13:12:04 django.request - WARNING - Not Found: /loan/list/javascript/loan_request.js
15-Apr-23 13:12:15 django.request - WARNING - Not Found: /loan/list/javascript/loan_request.js
15-Apr-23 13:12:15 django.request - WARNING - Not Found: /loan/list/javascript/loan_request.js
15-Apr-23 13:12:16 django.request - WARNING - Not Found: /loan/list/javascript/loan_request.js
15-Apr-23 13:12:18 django.request - WARNING - Not Found: /loan/list/javascript/loan_request.js
15-Apr-23 13:13:39 django.request - WARNING - Not Found: /loan/list/javascript/loan_request.js
15-Apr-23 13:13:43 django.request - WARNING - Not Found: /loan/list/javascript/loan_request.js
15-Apr-23 13:13:44 django.request - WARNING - Not Found: /loan/list/javascript/loan_request.js
15-Apr-23 13:13:53 django.request - WARNING - Not Found: /loan/list/javascript/loan_request.js
15-Apr-23 13:13:54 django.request - WARNING - Not Found: /loan/list/javascript/loan_request.js
15-Apr-23 13:13:56 django.request - WARNING - Not Found: /loan/list/javascript/loan_request.js
15-Apr-23 13:15:43 django.request - WARNING - Not Found: /loan/list/javascript/loan_request.js
15-Apr-23 13:15:46 django.request - WARNING - Not Found: /loan/list/javascript/loan_request.js
15-Apr-23 13:15:51 django.request - WARNING - Not Found: /loan/list/javascript/loan_request.js
15-Apr-23 13:15:52 django.request - WARNING - Not Found: /loan/request/javascript/loan_request.js
15-Apr-23 13:16:02 django.request - WARNING - Not Found: /loan/list/javascript/loan_request.js
15-Apr-23 13:16:19 django.request - WARNING - Not Found: /loan/list/javascript/loan_request.js
15-Apr-23 13:16:20 django.request - WARNING - Not Found: /loan/list/javascript/loan_request.js
15-Apr-23 13:16:22 django.request - WARNING - Not Found: /loan/request/javascript/loan_request.js
15-Apr-23 13:18:37 django.request - WARNING - Not Found: /loan/request/javascript/loan_request.js
15-Apr-23 13:18:42 django.request - WARNING - Not Found: /loan/request/javascript/loan_request.js
15-Apr-23 13:18:46 django.request - WARNING - Not Found: /loan/request/javascript/loan_request.js
15-Apr-23 13:18:47 django.request - WARNING - Not Found: /loan/list/javascript/loan_request.js
15-Apr-23 13:18:49 django.request - WARNING - Not Found: /loan/request/javascript/loan_request.js
15-Apr-23 13:18:51 django.request - WARNING - Not Found: /loan/request/javascript/loan_request.js
15-Apr-23 13:19:06 django.request - WARNING - Not Found: /loan/request/javascript/loan_request.js
15-Apr-23 13:19:07 django.request - WARNING - Not Found: /loan/request/javascript/loan_request.js
15-Apr-23 13:19:07 django.request - WARNING - Not Found: /loan/request/javascript/loan_request.js
15-Apr-23 13:19:09 django.request - WARNING - Not Found: /loan/request/javascript/loan_request.js
15-Apr-23 13:19:12 root - INFO - Logger started.
15-Apr-23 13:19:12 root - INFO - Reading csv file from data column.
15-Apr-23 13:19:15 django.request - WARNING - Not Found: /loan/request/javascript/loan_request.js
15-Apr-23 13:20:17 django.request - WARNING - Not Found: /loan/request/javascript/loan_request.js
15-Apr-23 13:20:58 django.request - WARNING - Not Found: /loan/request/javascript/loan_request.js
15-Apr-23 13:21:01 django.request - WARNING - Not Found: /loan/request/javascript/loan_request.js
15-Apr-23 13:21:02 django.request - WARNING - Not Found: /loan/request/javascript/loan_request.js
15-Apr-23 13:21:02 django.request - WARNING - Not Found: /loan/request/javascript/loan_request.js
15-Apr-23 13:22:05 django.request - WARNING - Not Found: /loan/request/javascript/loan_request.js
15-Apr-23 13:22:07 django.request - WARNING - Not Found: /loan/request/javascript/loan_request.js
15-Apr-23 13:22:08 django.request - WARNING - Not Found: /loan/request/javascript/loan_request.js
15-Apr-23 13:22:08 django.request - WARNING - Not Found: /loan/request/javascript/loan_request.js
15-Apr-23 13:22:08 django.request - WARNING - Not Found: /loan/request/javascript/loan_request.js
15-Apr-23 13:22:10 django.request - WARNING - Not Found: /loan/request/javascript/loan_request.js
15-Apr-23 13:22:11 django.request - WARNING - Not Found: /loan/list/javascript/loan_request.js
15-Apr-23 13:22:14 django.request - WARNING - Not Found: /loan/request/javascript/loan_request.js
15-Apr-23 13:23:04 django.request - WARNING - Not Found: /loan/request/javascript/loan_request.js
15-Apr-23 13:23:04 django.request - WARNING - Not Found: /loan/request/javascript/loan_request.js
15-Apr-23 13:23:04 django.request - WARNING - Not Found: /loan/request/javascript/loan_request.js
15-Apr-23 13:23:05 django.request - WARNING - Not Found: /loan/request/javascript/loan_request.js
15-Apr-23 13:23:08 django.request - WARNING - Not Found: /loan/list/javascript/loan_request.js
15-Apr-23 13:23:10 django.request - WARNING - Not Found: /loan/request/javascript/loan_request.js
15-Apr-23 13:23:19 django.request - WARNING - Not Found: /loan/list/javascript/loan_request.js
15-Apr-23 13:23:22 django.request - WARNING - Not Found: /loan/request/javascript/loan_request.js
15-Apr-23 13:23:59 django.request - WARNING - Not Found: /loan/request/javascript/loan_request.js
15-Apr-23 13:23:59 django.request - WARNING - Not Found: /loan/request/javascript/loan_request.js
15-Apr-23 13:23:59 django.request - WARNING - Not Found: /loan/request/javascript/loan_request.js
15-Apr-23 13:23:59 django.request - WARNING - Not Found: /loan/request/javascript/loan_request.js
15-Apr-23 13:24:10 django.request - WARNING - Not Found: /loan/request/javascript/loan_request.js
15-Apr-23 13:24:13 django.request - WARNING - Not Found: /loan/list/javascript/loan_request.js
15-Apr-23 13:24:42 django.request - WARNING - Not Found: /loan/list/javascript/loan_request.js
15-Apr-23 13:25:02 django.request - WARNING - Not Found: /loan/list/javascript/loan_request.js
15-Apr-23 13:25:03 django.request - WARNING - Not Found: /loan/list/javascript/loan_request.js
15-Apr-23 13:25:06 django.request - WARNING - Not Found: /loan/list/javascript/loan_request.js
15-Apr-23 13:25:14 django.request - WARNING - Not Found: /loan/list/javascript/loan_request.js
15-Apr-23 13:25:21 django.request - WARNING - Not Found: /loan/list/javascript/loan_request.js
15-Apr-23 13:25:23 django.request - WARNING - Not Found: /loan/list/javascript/loan_request.js
15-Apr-23 13:25:31 django.request - WARNING - Not Found: /loan/list/javascript/loan_request.js
15-Apr-23 13:26:10 django.request - WARNING - Not Found: /loan/list/javascript/loan_request.js
15-Apr-23 13:26:11 django.request - WARNING - Not Found: /loan/list/javascript/loan_request.js
15-Apr-23 13:26:23 django.request - WARNING - Not Found: /loan/list/javascript/loan_request.js
15-Apr-23 13:26:35 django.request - WARNING - Not Found: /loan/list/javascript/loan_request.js
15-Apr-23 13:26:38 django.request - WARNING - Not Found: /loan/list/javascript/loan_request.js
15-Apr-23 13:26:40 django.request - WARNING - Not Found: /loan/list/javascript/loan_request.js
15-Apr-23 13:26:45 django.request - WARNING - Not Found: /loan/list/javascript/loan_request.js
15-Apr-23 13:26:55 django.request - WARNING - Not Found: /loan/list/javascript/loan_request.js
15-Apr-23 13:27:48 django.request - WARNING - Not Found: /loan/list/javascript/loan_request.js
15-Apr-23 13:28:16 django.request - WARNING - Not Found: /loan/list/javascript/loan_request.js
15-Apr-23 13:28:16 django.request - WARNING - Not Found: /loan/list/javascript/loan_request.js
15-Apr-23 13:28:17 django.request - WARNING - Not Found: /loan/list/javascript/loan_request.js
15-Apr-23 13:28:23 django.request - WARNING - Not Found: /loan/list/javascript/loan_request.js
15-Apr-23 13:28:24 django.request - WARNING - Not Found: /loan/list/javascript/loan_request.js
15-Apr-23 13:28:25 django.request - WARNING - Not Found: /loan/list/javascript/loan_request.js
15-Apr-23 13:28:25 django.request - WARNING - Not Found: /loan/list/javascript/loan_request.js
15-Apr-23 13:28:29 django.request - WARNING - Not Found: /loan/list/javascript/loan_request.js
15-Apr-23 13:28:33 django.request - WARNING - Not Found: /loan/list/javascript/loan_request.js
15-Apr-23 13:28:38 django.request - WARNING - Not Found: /loan/request/javascript/loan_request.js
15-Apr-23 13:28:39 django.request - WARNING - Not Found: /loan/list/javascript/loan_request.js
15-Apr-23 13:28:47 django.request - WARNING - Not Found: /loan/list/javascript/loan_request.js
15-Apr-23 13:30:06 django.request - WARNING - Not Found: /loan/list/javascript/loan_request.js
15-Apr-23 13:30:37 django.request - WARNING - Not Found: /loan/list/javascript/loan_request.js
15-Apr-23 13:31:17 django.request - WARNING - Not Found: /loan/list/javascript/loan_request.js
15-Apr-23 13:31:26 django.request - WARNING - Not Found: /loan/list/javascript/loan_request.js
15-Apr-23 13:31:27 django.request - WARNING - Not Found: /loan/list/javascript/loan_request.js
15-Apr-23 13:32:56 django.request - WARNING - Not Found: /loan/list/javascript/loan_request.js
15-Apr-23 13:33:02 django.request - WARNING - Not Found: /loan/list/javascript/loan_request.js
15-Apr-23 13:33:06 django.request - WARNING - Not Found: /loan/list/javascript/loan_request.js
15-Apr-23 13:33:21 django.request - WARNING - Not Found: /loan/list/javascript/loan_request.js
15-Apr-23 13:33:39 django.request - WARNING - Not Found: /loan/list/javascript/loan_request.js
15-Apr-23 13:42:17 root - INFO - Logger started.
15-Apr-23 13:42:17 root - INFO - Reading csv file from data column.
15-Apr-23 13:42:43 django.request - WARNING - Not Found: /loan/list/javascript/loan_request.js
15-Apr-23 13:42:49 django.request - WARNING - Not Found: /loan/update/1012/javascript/loan_request.js
15-Apr-23 13:43:11 django.request - WARNING - Not Found: /loan/list/javascript/loan_request.js
15-Apr-23 13:44:46 django.request - WARNING - Not Found: /loan/list/javascript/loan_request.js
15-Apr-23 13:45:01 django.request - WARNING - Not Found: /loan/list/javascript/loan_request.js
15-Apr-23 13:45:46 django.request - WARNING - Not Found: /loan/list/javascript/loan_request.js
15-Apr-23 13:46:12 django.request - WARNING - Not Found: /loan/list/javascript/loan_request.js
15-Apr-23 13:46:14 django.request - WARNING - Not Found: /loan/list/javascript/loan_request.js
15-Apr-23 13:46:15 django.request - WARNING - Not Found: /loan/list/javascript/loan_request.js
15-Apr-23 13:48:13 django.request - WARNING - Not Found: /loan/request/javascript/loan_request.js
15-Apr-23 13:54:03 django.request - WARNING - Not Found: /loan/list/javascript/loan_request.js
15-Apr-23 14:05:27 django.request - WARNING - Not Found: /loan/list/javascript/loan_request.js
15-Apr-23 14:07:13 django.request - WARNING - Not Found: /loan/list/javascript/loan_request.js
15-Apr-23 14:07:26 django.request - WARNING - Not Found: /loan/list/javascript/loan_request.js
15-Apr-23 14:07:32 django.request - WARNING - Not Found: /loan/list/javascript/loan_request.js
15-Apr-23 14:10:54 django.request - WARNING - Not Found: /loan/list/javascript/loan_request.js
15-Apr-23 14:11:13 django.request - WARNING - Not Found: /loan/list/javascript/loan_request.js
15-Apr-23 14:11:20 django.request - WARNING - Not Found: /loan/list/javascript/loan_request.js
15-Apr-23 14:11:40 django.request - WARNING - Not Found: /loan/list/javascript/loan_request.js
15-Apr-23 14:34:37 django.request - WARNING - Not Found: /loan/list/javascript/loan_request.js
15-Apr-23 14:36:05 django.request - WARNING - Not Found: /loan/list/javascript/loan_request.js
15-Apr-23 14:40:23 django.request - WARNING - Not Found: /loan/list/javascript/loan_request.js
15-Apr-23 14:40:25 django.request - WARNING - Not Found: /loan/request/javascript/loan_request.js
15-Apr-23 14:41:04 django.request - WARNING - Not Found: /loan/request/javascript/loan_request.js
15-Apr-23 14:41:07 django.request - WARNING - Not Found: /loan/request/javascript/loan_request.js
15-Apr-23 14:41:09 django.request - WARNING - Not Found: /loan/list/javascript/loan_request.js
15-Apr-23 14:41:11 django.request - WARNING - Not Found: /loan/request/javascript/loan_request.js
15-Apr-23 14:41:13 django.request - WARNING - Not Found: /loan/list/javascript/loan_request.js
15-Apr-23 14:41:16 django.request - WARNING - Not Found: /loan/list/javascript/loan_request.js
15-Apr-23 14:41:22 django.request - WARNING - Not Found: /loan/list/javascript/loan_request.js
15-Apr-23 14:41:24 django.request - WARNING - Not Found: /loan/request/javascript/loan_request.js
15-Apr-23 14:41:26 django.request - WARNING - Not Found: /loan/list/javascript/loan_request.js
15-Apr-23 14:41:32 django.request - WARNING - Not Found: /loan/list/javascript/loan_request.js
15-Apr-23 14:41:34 django.request - WARNING - Not Found: /loan/request/javascript/loan_request.js
15-Apr-23 14:41:36 django.request - WARNING - Not Found: /loan/list/javascript/loan_request.js
15-Apr-23 14:41:58 root - INFO - Logger started.
15-Apr-23 14:41:58 root - INFO - Reading csv file from data column.
15-Apr-23 15:24:23 root - INFO - Logger started.
15-Apr-23 15:24:23 root - INFO - Reading csv file from data column.
15-Apr-23 15:25:24 root - INFO - Logger started.
15-Apr-23 15:25:24 root - INFO - Reading csv file from data column.
15-Apr-23 15:25:38 django.request - WARNING - Not Found: /loan/list/javascript/loan_request.js
15-Apr-23 15:25:47 root - INFO - Logger started.
15-Apr-23 15:25:47 root - INFO - Reading csv file from data column.
15-Apr-23 15:25:49 root - INFO - Logger started.
15-Apr-23 15:25:49 root - INFO - Reading csv file from data column.
15-Apr-23 15:27:31 root - INFO - Logger started.
15-Apr-23 15:27:31 root - INFO - Reading csv file from data column.
15-Apr-23 15:28:54 django.request - WARNING - Not Found: /how-it-works/script.js
15-Apr-23 15:33:39 django.request - WARNING - Not Found: /loan/request/javascript/loan_request.js
15-Apr-23 15:34:33 django.request - WARNING - Not Found: /loan/request/javascript/loan_request.js
15-Apr-23 15:35:32 django.request - WARNING - Not Found: /loan/request/javascript/loan_request.js
15-Apr-23 15:36:01 django.request - WARNING - Not Found: /loan/request/javascript/loan_request.js
15-Apr-23 15:36:34 django.request - WARNING - Not Found: /loan/request/javascript/loan_request.js
15-Apr-23 15:36:51 django.request - WARNING - Not Found: /loan/request/javascript/loan_request.js
15-Apr-23 15:36:51 django.request - WARNING - Not Found: /loan/request/javascript/loan_request.js
15-Apr-23 15:36:54 django.request - WARNING - Not Found: /loan/request/javascript/loan_request.js
15-Apr-23 15:37:11 django.request - WARNING - Not Found: /loan/request/javascript/loan_request.js
15-Apr-23 15:37:36 django.request - WARNING - Not Found: /loan/request/javascript/loan_request.js
15-Apr-23 15:38:19 django.request - WARNING - Not Found: /loan/request/javascript/loan_request.js
15-Apr-23 15:38:49 django.request - WARNING - Not Found: /loan/request/javascript/loan_request.js
15-Apr-23 15:40:30 django.request - WARNING - Not Found: /loan/request/javascript/loan_request.js
15-Apr-23 15:42:06 django.request - WARNING - Not Found: /loan/request/javascript/loan_request.js
15-Apr-23 15:43:35 django.request - WARNING - Not Found: /loan/request/javascript/loan_request.js
15-Apr-23 15:43:39 django.request - WARNING - Not Found: /loan/request/javascript/loan_request.js
15-Apr-23 15:43:39 django.request - WARNING - Not Found: /loan/request/javascript/loan_request.js
15-Apr-23 15:43:40 django.request - WARNING - Not Found: /loan/request/javascript/loan_request.js
15-Apr-23 15:43:40 django.request - WARNING - Not Found: /loan/request/javascript/loan_request.js
15-Apr-23 15:43:59 django.request - WARNING - Not Found: /loan/request/javascript/loan_request.js
15-Apr-23 15:44:18 django.request - WARNING - Not Found: /loan/request/javascript/loan_request.js
15-Apr-23 15:44:21 django.request - WARNING - Not Found: /loan/list/javascript/loan_request.js
15-Apr-23 15:44:23 django.request - WARNING - Not Found: /loan/request/javascript/loan_request.js
15-Apr-23 15:45:47 django.request - WARNING - Not Found: /loan/list/javascript/loan_request.js
15-Apr-23 15:46:24 django.request - WARNING - Not Found: /loan/update/1012/javascript/loan_request.js
15-Apr-23 15:47:33 django.request - WARNING - Not Found: /loan/list/javascript/loan_request.js
15-Apr-23 15:47:35 django.request - WARNING - Not Found: /loan/request/javascript/loan_request.js
15-Apr-23 15:47:37 root - INFO - Logger started.
15-Apr-23 15:47:37 root - INFO - Reading csv file from data column.
15-Apr-23 15:47:39 root - INFO - Logger started.
15-Apr-23 15:47:39 root - INFO - Reading csv file from data column.
15-Apr-23 15:52:19 root - INFO - Logger started.
15-Apr-23 15:52:19 root - INFO - Reading csv file from data column.
15-Apr-23 15:54:23 root - INFO - Logger started.
15-Apr-23 15:54:23 root - INFO - Reading csv file from data column.
15-Apr-23 15:54:43 django.request - WARNING - Not Found: /loan/list/javascript/loan_request.js
15-Apr-23 15:55:10 root - INFO - Logger started.
15-Apr-23 15:55:10 root - INFO - Reading csv file from data column.
15-Apr-23 15:56:19 root - INFO - Logger started.
15-Apr-23 15:56:19 root - INFO - Reading csv file from data column.
15-Apr-23 15:56:29 django.request - WARNING - Not Found: /loan/list/javascript/loan_request.js
